2021-11-10 19:59:17.957 [info] <0.44.0> Application lager started on node nonode@nohost
2021-11-10 19:59:17.959 [info] <0.44.0> Application xmerl started on node nonode@nohost
2021-11-10 19:59:17.965 [info] <0.44.0> Application sasl started on node nonode@nohost
2021-11-10 19:59:17.965 [info] <0.44.0> Application tools started on node nonode@nohost
2021-11-10 19:59:17.966 [info] <0.44.0> Application jsx started on node nonode@nohost
2021-11-10 19:59:17.966 [info] <0.44.0> Application recon started on node nonode@nohost
2021-11-10 19:59:18.010 [info] <0.44.0> Application credentials_obfuscation started on node nonode@nohost
2021-11-10 19:59:18.010 [info] <0.44.0> Application rabbit_common started on node nonode@nohost
2021-11-10 19:59:18.017 [info] <0.44.0> Application amqp_client started on node nonode@nohost
2021-11-10 19:59:18.021 [info] <0.44.0> Application amqp started on node nonode@nohost
2021-11-10 19:59:18.077 [info] <0.44.0> Application rabbit_code started on node nonode@nohost
2021-11-10 20:02:58.397 [info] <0.44.0> Application lager started on node nonode@nohost
2021-11-10 20:02:58.400 [info] <0.44.0> Application xmerl started on node nonode@nohost
2021-11-10 20:02:58.405 [info] <0.44.0> Application sasl started on node nonode@nohost
2021-11-10 20:02:58.405 [info] <0.44.0> Application tools started on node nonode@nohost
2021-11-10 20:02:58.405 [info] <0.44.0> Application jsx started on node nonode@nohost
2021-11-10 20:02:58.405 [info] <0.44.0> Application recon started on node nonode@nohost
2021-11-10 20:02:58.460 [info] <0.44.0> Application credentials_obfuscation started on node nonode@nohost
2021-11-10 20:02:58.460 [info] <0.44.0> Application rabbit_common started on node nonode@nohost
2021-11-10 20:02:58.470 [info] <0.44.0> Application amqp_client started on node nonode@nohost
2021-11-10 20:02:58.474 [info] <0.44.0> Application amqp started on node nonode@nohost
2021-11-10 20:02:58.539 [info] <0.44.0> Application rabbit_code started on node nonode@nohost
